{"total": {"lines":{"total":9,"covered":7,"skipped":0,"pct":77.77},"statements":{"total":9,"covered":7,"skipped":0,"pct":77.77},"functions":{"total":2,"covered":1,"skipped":0,"pct":50},"branches":{"total":4,"covered":3,"skipped":0,"pct":75},"branchesTrue":{"total":0,"covered":0,"skipped":0,"pct":"Unknown"}}
,"D:\\Project\\node-ci-sample\\src\\index.js": {"lines":{"total":9,"covered":7,"skipped":0,"pct":77.77},"functions":{"total":2,"covered":1,"skipped":0,"pct":50},"statements":{"total":9,"covered":7,"skipped":0,"pct":77.77},"branches":{"total":4,"covered":3,"skipped":0,"pct":75}}
}
