{"D:\\Project\\node-ci-sample\\src\\index.js": {"path":"D:\\Project\\node-ci-sample\\src\\index.js","statementMap":{"0":{"start":{"line":1,"column":16},"end":{"line":1,"column":34}},"1":{"start":{"line":2,"column":12},"end":{"line":2,"column":21}},"2":{"start":{"line":4,"column":0},"end":{"line":6,"column":3}},"3":{"start":{"line":5,"column":2},"end":{"line":5,"column":29}},"4":{"start":{"line":8,"column":13},"end":{"line":8,"column":37}},"5":{"start":{"line":9,"column":0},"end":{"line":13,"column":1}},"6":{"start":{"line":10,"column":2},"end":{"line":12,"column":5}},"7":{"start":{"line":11,"column":4},"end":{"line":11,"column":52}},"8":{"start":{"line":15,"column":0},"end":{"line":15,"column":21}}},"fnMap":{"0":{"name":"(anonymous_0)","decl":{"start":{"line":4,"column":19},"end":{"line":4,"column":20}},"loc":{"start":{"line":4,"column":33},"end":{"line":6,"column":1}},"line":4},"1":{"name":"(anonymous_1)","decl":{"start":{"line":10,"column":19},"end":{"line":10,"column":20}},"loc":{"start":{"line":10,"column":25},"end":{"line":12,"column":3}},"line":10}},"branchMap":{"0":{"loc":{"start":{"line":8,"column":13},"end":{"line":8,"column":37}},"type":"binary-expr","locations":[{"start":{"line":8,"column":13},"end":{"line":8,"column":29}},{"start":{"line":8,"column":33},"end":{"line":8,"column":37}}],"line":8},"1":{"loc":{"start":{"line":9,"column":0},"end":{"line":13,"column":1}},"type":"if","locations":[{"start":{"line":9,"column":0},"end":{"line":13,"column":1}},{"start":{},"end":{}}],"line":9}},"s":{"0":1,"1":1,"2":1,"3":1,"4":1,"5":1,"6":0,"7":0,"8":1},"f":{"0":1,"1":0},"b":{"0":[1,1],"1":[0,1]},"_coverageSchema":"1a1c01bbd47fc00a2c39e90264f33305004495a9","hash":"f09371c362f2fb06aebefb80f8c310bb1646e0ce"}
}
